<?xml version="1.0" encoding="UTF-8"?>
<testng-results ignored="0" total="1" passed="1" failed="0" skipped="0">
  <reporter-output>
  </reporter-output>
  <suite started-at="2022-07-15T19:45:44 IST" name="Default suite" finished-at="2022-07-15T19:45:53 IST" duration-ms="8547">
    <groups>
    </groups>
    <test started-at="2022-07-15T19:45:44 IST" name="Default test" finished-at="2022-07-15T19:45:53 IST" duration-ms="8547">
      <class name="com.Tests.PracticePage">
        <test-method signature="checkBox()[pri:0, instance:com.Tests.PracticePage@4b41e4dd]" started-at="2022-07-15T19:45:45 IST" name="checkBox" finished-at="2022-07-15T19:45:53 IST" duration-ms="8479" status="PASS">
          <reporter-output>
          </reporter-output>
        </test-method> <!-- checkBox -->
      </class> <!-- com.Tests.PracticePage -->
    </test> <!-- Default test -->
  </suite> <!-- Default suite -->
</testng-results>
